<?xml version="1.0" encoding="UTF-8"?>
<!-- Generated by org.testng.reporters.JUnitReportReporter -->
<testsuite hostname="DESKTOP-BD7D664" failures="0" tests="2" name="com.TestClasses.LoginTestClass" time="2.344" errors="0" timestamp="2024-03-22T15:12:36 IST" skipped="0">
  <testcase classname="com.TestClasses.LoginTestClass" name="testTitle" time="1.372"/>
  <system-out/>
  <testcase classname="com.TestClasses.LoginTestClass" name="adminLogin" time="0.972"/>
  <system-out/>
</testsuite> <!-- com.TestClasses.LoginTestClass -->
