<?xml version="1.0" encoding="UTF-8"?>
<!-- Generated by org.testng.reporters.JUnitReportReporter -->
<testsuite hostname="DESKTOP-BD7D664" failures="0" tests="1" name="com.TestClasses.PIMOrangeModule" time="0.389" errors="0" timestamp="2024-03-27T15:22:35 IST" skipped="0">
  <testcase classname="com.TestClasses.PIMOrangeModule" name="test" time="0.389"/>
  <system-out/>
</testsuite> <!-- com.TestClasses.PIMOrangeModule -->
