<?xml version="1.0" encoding="UTF-8"?>
<!-- Generated by org.testng.reporters.JUnitReportReporter -->
<testsuite hostname="DESKTOP-BD7D664" failures="0" tests="1" name="com.TestClasses.GoogleTestClass" time="0.719" errors="0" timestamp="2024-03-27T12:16:42 IST" skipped="0">
  <testcase classname="com.TestClasses.GoogleTestClass" name="searchSend" time="0.719"/>
  <system-out/>
</testsuite> <!-- com.TestClasses.GoogleTestClass -->
